Arguments: 
  C:\Program Files\nodejs\node.exe C:\Users\zvezdilin\AppData\Roaming\npm\node_modules\yarn\bin\yarn.js add concurently

PATH: 
  D:\distr\WINDOWS.X64_193000_db_home\bin;C:\Windows\system32;C:\Windows;C:\Windows\System32\Wbem;C:\Windows\System32\WindowsPowerShell\v1.0\;C:\Windows\System32\OpenSSH\;C:\Users\vinogradov\AppData\Local\Programs\Python\Python39\Scripts\;C:\Program Files\TortoiseGit\bin;C:\Strawberry\c\bin;C:\Strawberry\perl\site\bin;C:\Strawberry\perl\bin;C:\Program Files\Go\bin;D:\Softwares\ngrok-v3-stable-windows-amd64;C:\Program Files\nodejs\;;C:\Program Files\Docker\Docker\resources\bin;C:\Users\zvezdilin\AppData\Local\Microsoft\WindowsApps;C:\Users\zvezdilin\AppData\Local\Programs\Microsoft VS Code\bin;C:\Program Files\Git\cmd;C:\Users\zvezdilin\AppData\Roaming\npm;C:\Program Files (x86)\MongoDB Atlas CLI\

Yarn version: 
  1.22.19

Node version: 
  18.16.0

Platform: 
  win32 x64

Trace: 
  Error: https://registry.yarnpkg.com/concurently: Not found
      at params.callback [as _callback] (C:\Users\zvezdilin\AppData\Roaming\npm\node_modules\yarn\lib\cli.js:66145:18)
      at self.callback (C:\Users\zvezdilin\AppData\Roaming\npm\node_modules\yarn\lib\cli.js:140890:22)
      at Request.emit (node:events:513:28)
      at Request.<anonymous> (C:\Users\zvezdilin\AppData\Roaming\npm\node_modules\yarn\lib\cli.js:141862:10)
      at Request.emit (node:events:513:28)
      at IncomingMessage.<anonymous> (C:\Users\zvezdilin\AppData\Roaming\npm\node_modules\yarn\lib\cli.js:141784:12)
      at Object.onceWrapper (node:events:627:28)
      at IncomingMessage.emit (node:events:525:35)
      at endReadableNT (node:internal/streams/readable:1359:12)
      at process.processTicksAndRejections (node:internal/process/task_queues:82:21)

npm manifest: 
  No manifest

yarn manifest: 
  No manifest

Lockfile: 
  # THIS IS AN AUTOGENERATED FILE. DO NOT EDIT THIS FILE DIRECTLY.
  # yarn lockfile v1
